
kernel8:	file format ELF64-aarch64-little


Disassembly of section .text:

0000000000080000 _boot:
   80000: a8 00 38 d5                  	mrs	x8, MPIDR_EL1
   80004: 1f 05 40 f2                  	tst	x8, #0x3
   80008: 81 00 00 54                  	b.ne	#0x10 <_boot+0x18>
   8000c: 48 42 38 d5                  	mrs	x8, CurrentEL
   80010: 1f 21 00 71                  	cmp	w8, #0x8
   80014: 60 00 00 54                  	b.eq	#0xc <_boot+0x20>
   80018: 5f 20 03 d5                  	wfe
   8001c: ff ff ff 17                  	b	#-0x4 <_boot+0x18>
   80020: 48 42 38 d5                  	mrs	x8, CurrentEL
   80024: 1f 21 00 71                  	cmp	w8, #0x8
   80028: c1 01 00 54                  	b.ne	#0x38 <_boot+0x60>
   8002c: e8 03 1f aa                  	mov	x8, xzr
   80030: 69 00 80 52                  	mov	w9, #0x3
   80034: 09 e1 1c d5                  	msr	CNTHCTL_EL2, x9
   80038: 68 e0 1c d5                  	msr	CNTVOFF_EL2, x8
   8003c: 08 00 00 90                  	adrp	x8, #0x0
   80040: aa 78 80 52                  	mov	w10, #0x3c5
   80044: 0b 08 a0 52                  	mov	w11, #0x400000
   80048: 0a 40 1c d5                  	msr	SPSR_EL2, x10
   8004c: 08 71 0f 91                  	add	x8, x8, #0x3dc
   80050: 28 40 1c d5                  	msr	ELR_EL2, x8
   80054: 0b 41 1c d5                  	msr	SP_EL1, x11
   80058: e0 03 9f d6                  	eret
   8005c: 20 00 20 d4                  	brk	#0x1
   80060: 08 08 a0 52                  	mov	w8, #0x400000
   80064: 1f 01 00 91                  	mov	sp, x8
   80068: dd 00 00 94                  	bl	#0x374 <rinit>
   8006c: 20 00 20 d4                  	brk	#0x1

0000000000080070 aarch64issue::uart::Uart::init::h097c9f9a183ae4c5:
   80070: f7 5b bd a9                  	stp	x23, x22, [sp, #-0x30]!
   80074: 48 00 90 d2                  	mov	x8, #0x8002
   80078: f5 53 01 a9                  	stp	x21, x20, [sp, #0x10]
   8007c: 14 06 82 52                  	mov	w20, #0x1030
   80080: 68 00 a0 f2                  	movk	x8, #0x3, lsl #16
   80084: 09 01 80 d2                  	mov	x9, #0x8
   80088: 0a 20 81 52                  	mov	w10, #0x900
   8008c: 14 e4 a7 72                  	movk	w20, #0x3f20, lsl #16
   80090: 95 04 80 52                  	mov	w21, #0x24
   80094: 88 01 c0 f2                  	movk	x8, #0xc, lsl #32
   80098: 49 00 c0 f2                  	movk	x9, #0x2, lsl #32
   8009c: aa 07 a0 72                  	movk	w10, #0x3d, lsl #16
   800a0: 16 13 97 52                  	mov	w22, #0xb898
   800a4: f3 7b 02 a9                  	stp	x19, x30, [sp, #0x20]
   800a8: f3 03 00 aa                  	mov	x19, x0
   800ac: 9f 02 00 b9                  	str	wzr, [x20]
   800b0: 16 e0 a7 72                  	movk	w22, #0x3f00, lsl #16
   800b4: 15 20 00 a9                  	stp	x21, x8, [x0]
   800b8: 09 28 01 a9                  	stp	x9, x10, [x0, #0x10]
   800bc: 1f 20 00 b9                  	str	wzr, [x0, #0x20]
   800c0: d7 02 40 b9                  	ldr	w23, [x22]
   800c4: eb 00 00 94                  	bl	#0x3ac <<u32 as tock_registers::registers::IntLike>::zero::hbde47df933ddc83d>
   800c8: 1f 7c 57 6b                  	cmp	w0, w23, lsr #31
   800cc: c0 00 00 54                  	b.eq	#0x18 <aarch64issue::uart::Uart::init::h097c9f9a183ae4c5+0x74>
   800d0: 1f 20 03 d5                  	nop
   800d4: d7 02 40 b9                  	ldr	w23, [x22]
   800d8: e6 00 00 94                  	bl	#0x398 <<u32 as tock_registers::registers::IntLike>::zero::hbde47df933ddc83d>
   800dc: 1f 7c 57 6b                  	cmp	w0, w23, lsr #31
   800e0: 81 ff ff 54                  	b.ne	#-0x10 <aarch64issue::uart::Uart::init::h097c9f9a183ae4c5+0x60>
   800e4: 68 02 1d 32                  	orr	w8, w19, #0x8
   800e8: c8 0a 00 b9                  	str	w8, [x22, #0x8]
   800ec: 02 00 00 14                  	b	#0x8 <aarch64issue::uart::Uart::init::h097c9f9a183ae4c5+0x84>
   800f0: 1f 20 03 d5                  	nop
   800f4: c8 02 40 b9                  	ldr	w8, [x22]
   800f8: 17 79 1e 53                  	ubfx	w23, w8, #30, #1
   800fc: dd 00 00 94                  	bl	#0x374 <<u32 as tock_registers::registers::IntLike>::zero::hbde47df933ddc83d>
   80100: ff 02 00 6b                  	cmp	w23, w0
   80104: 61 ff ff 54                  	b.ne	#-0x14 <aarch64issue::uart::Uart::init::h097c9f9a183ae4c5+0x80>
   80108: c8 82 5e b8                  	ldur	w8, [x22, #-0x18]
   8010c: 09 0d 00 12                  	and	w9, w8, #0xf
   80110: 08 6d 1c 12                  	and	w8, w8, #0xfffffff0
   80114: 3f 21 00 71                  	cmp	w9, #0x8
   80118: e1 fe ff 54                  	b.ne	#-0x24 <aarch64issue::uart::Uart::init::h097c9f9a183ae4c5+0x84>
   8011c: 1f 01 13 6b                  	cmp	w8, w19
   80120: a1 fe ff 54                  	b.ne	#-0x2c <aarch64issue::uart::Uart::init::h097c9f9a183ae4c5+0x84>
   80124: 68 06 40 b9                  	ldr	w8, [x19, #0x4]
   80128: 09 00 b0 52                  	mov	w9, #-0x80000000
   8012c: 1f 01 09 6b                  	cmp	w8, w9
   80130: 21 04 00 54                  	b.ne	#0x84 <aarch64issue::uart::Uart::init::h097c9f9a183ae4c5+0x144>
   80134: 08 13 80 52                  	mov	w8, #0x98
   80138: c9 12 80 52                  	mov	w9, #0x96
   8013c: 08 e4 a7 72                  	movk	w8, #0x3f20, lsl #16
   80140: 0a c1 56 b8                  	ldur	w10, [x8, #-0x94]
   80144: aa 16 14 33                  	bfi	w10, w21, #12, #6
   80148: 0a c1 16 b8                  	stur	w10, [x8, #-0x94]
   8014c: 1f c1 1f b8                  	stur	wzr, [x8, #-0x4]
   80150: 29 05 00 71                  	subs	w9, w9, #0x1
   80154: 1f 20 03 d5                  	nop
   80158: c1 ff ff 54                  	b.ne	#-0x8 <aarch64issue::uart::Uart::init::h097c9f9a183ae4c5+0xe0>
   8015c: 09 01 40 b9                  	ldr	w9, [x8]
   80160: 2a 05 12 32                  	orr	w10, w9, #0xc000
   80164: c9 12 80 52                  	mov	w9, #0x96
   80168: 0a 01 00 b9                  	str	w10, [x8]
   8016c: 29 05 00 71                  	subs	w9, w9, #0x1
   80170: 1f 20 03 d5                  	nop
   80174: c1 ff ff 54                  	b.ne	#-0x8 <aarch64issue::uart::Uart::init::h097c9f9a183ae4c5+0xfc>
   80178: 49 00 80 52                  	mov	w9, #0x2
   8017c: 1f 01 00 b9                  	str	wzr, [x8]
   80180: 68 01 80 52                  	mov	w8, #0xb
   80184: 0a 0c 80 52                  	mov	w10, #0x60
   80188: 2b 60 80 52                  	mov	w11, #0x301
   8018c: e0 03 1f 2a                  	mov	w0, wzr
   80190: 9f 16 00 b9                  	str	wzr, [x20, #0x14]
   80194: 89 42 1f b8                  	stur	w9, [x20, #-0xc]
   80198: 88 82 1f b8                  	stur	w8, [x20, #-0x8]
   8019c: 8a c2 1f b8                  	stur	w10, [x20, #-0x4]
   801a0: 8b 02 00 b9                  	str	w11, [x20]
   801a4: f3 7b 42 a9                  	ldp	x19, x30, [sp, #0x20]
   801a8: f5 53 41 a9                  	ldp	x21, x20, [sp, #0x10]
   801ac: f7 5b c3 a8                  	ldp	x23, x22, [sp], #0x30
   801b0: c0 03 5f d6                  	ret
   801b4: 20 00 80 52                  	mov	w0, #0x1
   801b8: f3 7b 42 a9                  	ldp	x19, x30, [sp, #0x20]
   801bc: f5 53 41 a9                  	ldp	x21, x20, [sp, #0x10]
   801c0: f7 5b c3 a8                  	ldp	x23, x22, [sp], #0x30
   801c4: c0 03 5f d6                  	ret

00000000000801c8 aarch64issue::uart::Uart::puts::h2dcd9fe784c7c923:
   801c8: f9 63 bc a9                  	stp	x25, x24, [sp, #-0x40]!
   801cc: f7 5b 01 a9                  	stp	x23, x22, [sp, #0x10]
   801d0: f5 53 02 a9                  	stp	x21, x20, [sp, #0x20]
   801d4: f3 7b 03 a9                  	stp	x19, x30, [sp, #0x30]
   801d8: c1 0c 00 b4                  	cbz	x1, #0x198 <aarch64issue::uart::Uart::puts::h2dcd9fe784c7c923+0x1a8>
   801dc: 15 03 82 52                  	mov	w21, #0x1018
   801e0: f3 03 00 aa                  	mov	x19, x0
   801e4: 14 00 01 8b                  	add	x20, x0, x1
   801e8: 15 e4 a7 72                  	movk	w21, #0x3f20, lsl #16
   801ec: b6 01 80 52                  	mov	w22, #0xd
   801f0: 57 01 80 52                  	mov	w23, #0xa
   801f4: e8 03 13 aa                  	mov	x8, x19
   801f8: 09 15 c0 38                  	ldrsb	w9, [x8], #0x1
   801fc: 38 1d 00 12                  	and	w24, w9, #0xff
   80200: 29 01 f8 36                  	tbz	w9, #0x1f, #0x24 <aarch64issue::uart::Uart::puts::h2dcd9fe784c7c923+0x5c>
   80204: 15 00 00 14                  	b	#0x54 <aarch64issue::uart::Uart::puts::h2dcd9fe784c7c923+0x90>
   80208: 7f 02 14 eb                  	cmp	x19, x20
   8020c: b8 82 1e b8                  	stur	w24, [x21, #-0x18]
   80210: 00 0b 00 54                  	b.eq	#0x160 <aarch64issue::uart::Uart::puts::h2dcd9fe784c7c923+0x1a8>
   80214: e8 03 13 aa                  	mov	x8, x19
   80218: 09 15 c0 38                  	ldrsb	w9, [x8], #0x1
   8021c: 38 1d 00 12                  	and	w24, w9, #0xff
   80220: c9 01 f8 37                  	tbnz	w9, #0x1f, #0x38 <aarch64issue::uart::Uart::puts::h2dcd9fe784c7c923+0x90>
   80224: f3 03 08 aa                  	mov	x19, x8
   80228: 1f 2b 00 71                  	cmp	w24, #0xa
   8022c: a0 07 00 54                  	b.eq	#0xf4 <aarch64issue::uart::Uart::puts::h2dcd9fe784c7c923+0x158>
   80230: 1f 43 44 71                  	cmp	w24, #0x110, lsl #12
   80234: 61 00 00 54                  	b.ne	#0xc <aarch64issue::uart::Uart::puts::h2dcd9fe784c7c923+0x78>
   80238: 4e 00 00 14                  	b	#0x138 <aarch64issue::uart::Uart::puts::h2dcd9fe784c7c923+0x1a8>
   8023c: 1f 20 03 d5                  	nop
   80240: a8 02 40 b9                  	ldr	w8, [x21]
   80244: 19 15 05 53                  	ubfx	w25, w8, #5, #1
   80248: 8a 00 00 94                  	bl	#0x228 <<u32 as tock_registers::registers::IntLike>::zero::hbde47df933ddc83d>
   8024c: 3f 03 00 6b                  	cmp	w25, w0
   80250: 61 ff ff 54                  	b.ne	#-0x14 <aarch64issue::uart::Uart::puts::h2dcd9fe784c7c923+0x74>
   80254: ed ff ff 17                  	b	#-0x4c <aarch64issue::uart::Uart::puts::h2dcd9fe784c7c923+0x40>
   80258: 1f 01 14 eb                  	cmp	x8, x20
   8025c: a0 02 00 54                  	b.eq	#0x54 <aarch64issue::uart::Uart::puts::h2dcd9fe784c7c923+0xe8>
   80260: 68 06 40 39                  	ldrb	w8, [x19, #0x1]
   80264: 73 0a 00 91                  	add	x19, x19, #0x2
   80268: 0a 15 00 12                  	and	w10, w8, #0x3f
   8026c: 08 13 00 12                  	and	w8, w24, #0x1f
   80270: 1f 7f 03 71                  	cmp	w24, #0xdf
   80274: 89 02 00 54                  	b.ls	#0x50 <aarch64issue::uart::Uart::puts::h2dcd9fe784c7c923+0xfc>
   80278: 7f 02 14 eb                  	cmp	x19, x20
   8027c: e0 02 00 54                  	b.eq	#0x5c <aarch64issue::uart::Uart::puts::h2dcd9fe784c7c923+0x110>
   80280: 69 16 40 38                  	ldrb	w9, [x19], #0x1
   80284: 29 15 00 12                  	and	w9, w9, #0x3f
   80288: eb 03 13 aa                  	mov	x11, x19
   8028c: 49 15 1a 33                  	bfi	w9, w10, #6, #6
   80290: 1f c3 03 71                  	cmp	w24, #0xf0
   80294: c3 02 00 54                  	b.lo	#0x58 <aarch64issue::uart::Uart::puts::h2dcd9fe784c7c923+0x124>
   80298: 7f 01 14 eb                  	cmp	x11, x20
   8029c: 20 03 00 54                  	b.eq	#0x64 <aarch64issue::uart::Uart::puts::h2dcd9fe784c7c923+0x138>
   802a0: 6a 15 40 38                  	ldrb	w10, [x11], #0x1
   802a4: 4a 15 00 12                  	and	w10, w10, #0x3f
   802a8: f3 03 0b aa                  	mov	x19, x11
   802ac: 16 00 00 14                  	b	#0x58 <aarch64issue::uart::Uart::puts::h2dcd9fe784c7c923+0x13c>
   802b0: ea 03 1f 2a                  	mov	w10, wzr
   802b4: f3 03 14 aa                  	mov	x19, x20
   802b8: 08 13 00 12                  	and	w8, w24, #0x1f
   802bc: 1f 7f 03 71                  	cmp	w24, #0xdf
   802c0: c8 fd ff 54                  	b.hi	#-0x48 <aarch64issue::uart::Uart::puts::h2dcd9fe784c7c923+0xb0>
   802c4: 0a 11 1a 33                  	bfi	w10, w8, #6, #5
   802c8: f8 03 0a 2a                  	mov	w24, w10
   802cc: 1f 2b 00 71                  	cmp	w24, #0xa
   802d0: 01 fb ff 54                  	b.ne	#-0xa0 <aarch64issue::uart::Uart::puts::h2dcd9fe784c7c923+0x68>
   802d4: 13 00 00 14                  	b	#0x4c <aarch64issue::uart::Uart::puts::h2dcd9fe784c7c923+0x158>
   802d8: e9 03 1f 2a                  	mov	w9, wzr
   802dc: eb 03 14 aa                  	mov	x11, x20
   802e0: 49 15 1a 33                  	bfi	w9, w10, #6, #6
   802e4: 1f c3 03 71                  	cmp	w24, #0xf0
   802e8: 82 fd ff 54                  	b.hs	#-0x50 <aarch64issue::uart::Uart::puts::h2dcd9fe784c7c923+0xd0>
   802ec: 09 11 14 33                  	bfi	w9, w8, #12, #5
   802f0: f8 03 09 2a                  	mov	w24, w9
   802f4: 1f 2b 00 71                  	cmp	w24, #0xa
   802f8: c1 f9 ff 54                  	b.ne	#-0xc8 <aarch64issue::uart::Uart::puts::h2dcd9fe784c7c923+0x68>
   802fc: 09 00 00 14                  	b	#0x24 <aarch64issue::uart::Uart::puts::h2dcd9fe784c7c923+0x158>
   80300: ea 03 1f 2a                  	mov	w10, wzr
   80304: 08 09 0e 53                  	ubfiz	w8, w8, #18, #3
   80308: 28 2d 1a 33                  	bfi	w8, w9, #6, #12
   8030c: 18 01 0a 2a                  	orr	w24, w8, w10
   80310: 1f 2b 00 71                  	cmp	w24, #0xa
   80314: e1 f8 ff 54                  	b.ne	#-0xe4 <aarch64issue::uart::Uart::puts::h2dcd9fe784c7c923+0x68>
   80318: 02 00 00 14                  	b	#0x8 <aarch64issue::uart::Uart::puts::h2dcd9fe784c7c923+0x158>
   8031c: 1f 20 03 d5                  	nop
   80320: a8 02 40 b9                  	ldr	w8, [x21]
   80324: 18 15 05 53                  	ubfx	w24, w8, #5, #1
   80328: 52 00 00 94                  	bl	#0x148 <<u32 as tock_registers::registers::IntLike>::zero::hbde47df933ddc83d>
   8032c: 1f 03 00 6b                  	cmp	w24, w0
   80330: 61 ff ff 54                  	b.ne	#-0x14 <aarch64issue::uart::Uart::puts::h2dcd9fe784c7c923+0x154>
   80334: b6 82 1e b8                  	stur	w22, [x21, #-0x18]
   80338: a8 02 40 b9                  	ldr	w8, [x21]
   8033c: 19 15 05 53                  	ubfx	w25, w8, #5, #1
   80340: 4c 00 00 94                  	bl	#0x130 <<u32 as tock_registers::registers::IntLike>::zero::hbde47df933ddc83d>
   80344: f8 03 17 2a                  	mov	w24, w23
   80348: 3f 03 00 6b                  	cmp	w25, w0
   8034c: e0 f5 ff 54                  	b.eq	#-0x144 <aarch64issue::uart::Uart::puts::h2dcd9fe784c7c923+0x40>
   80350: 1f 20 03 d5                  	nop
   80354: a8 02 40 b9                  	ldr	w8, [x21]
   80358: 18 15 05 53                  	ubfx	w24, w8, #5, #1
   8035c: 45 00 00 94                  	bl	#0x114 <<u32 as tock_registers::registers::IntLike>::zero::hbde47df933ddc83d>
   80360: 1f 03 00 6b                  	cmp	w24, w0
   80364: 61 ff ff 54                  	b.ne	#-0x14 <aarch64issue::uart::Uart::puts::h2dcd9fe784c7c923+0x188>
   80368: f8 03 17 2a                  	mov	w24, w23
   8036c: a7 ff ff 17                  	b	#-0x164 <aarch64issue::uart::Uart::puts::h2dcd9fe784c7c923+0x40>
   80370: f3 7b 43 a9                  	ldp	x19, x30, [sp, #0x30]
   80374: f5 53 42 a9                  	ldp	x21, x20, [sp, #0x20]
   80378: f7 5b 41 a9                  	ldp	x23, x22, [sp, #0x10]
   8037c: f9 63 c4 a8                  	ldp	x25, x24, [sp], #0x40
   80380: c0 03 5f d6                  	ret

0000000000080384 unsafe_main:
   80384: ff 83 02 d1                  	sub	sp, sp, #0xa0
   80388: 02 12 80 52                  	mov	w2, #0x90
   8038c: e0 03 00 91                  	mov	x0, sp
   80390: e1 03 1f 2a                  	mov	w1, wzr
   80394: fe 4b 00 f9                  	str	x30, [sp, #0x90]
   80398: 52 00 00 94                  	bl	#0x148 <memset>
   8039c: e0 03 00 91                  	mov	x0, sp
   803a0: 34 ff ff 97                  	bl	#-0x330 <aarch64issue::uart::Uart::init::h097c9f9a183ae4c5>
   803a4: 00 01 00 34                  	cbz	w0, #0x20 <unsafe_main+0x40>
   803a8: 00 00 00 90                  	adrp	x0, #0x0
   803ac: 02 00 00 b0                  	adrp	x2, #0x1000
   803b0: 00 c0 14 91                  	add	x0, x0, #0x530
   803b4: 42 00 00 91                  	add	x2, x2, #0x0
   803b8: c1 01 80 52                  	mov	w1, #0xe
   803bc: 30 00 00 94                  	bl	#0xc0 <core::panicking::panic::h226056bb12c4af19>
   803c0: 20 00 20 d4                  	brk	#0x1
   803c4: 00 00 00 90                  	adrp	x0, #0x0
   803c8: 21 02 80 52                  	mov	w1, #0x11
   803cc: 00 24 15 91                  	add	x0, x0, #0x549
   803d0: 7e ff ff 97                  	bl	#-0x208 <aarch64issue::uart::Uart::puts::h2dcd9fe784c7c923>
   803d4: 11 00 00 94                  	bl	#0x44 <main>
   803d8: 20 00 20 d4                  	brk	#0x1

00000000000803dc rinit:
   803dc: 08 00 00 90                  	adrp	x8, #0x0
   803e0: 09 00 00 90                  	adrp	x9, #0x0
   803e4: 08 b5 42 f9                  	ldr	x8, [x8, #0x568]
   803e8: 29 b9 42 f9                  	ldr	x9, [x9, #0x570]
   803ec: 3f 01 08 eb                  	cmp	x9, x8
   803f0: c2 00 00 54                  	b.hs	#0x18 <rinit+0x2c>
   803f4: 09 00 00 90                  	adrp	x9, #0x0
   803f8: 29 b9 42 f9                  	ldr	x9, [x9, #0x570]
   803fc: 3f 85 00 f8                  	str	xzr, [x9], #0x8
   80400: 3f 01 08 eb                  	cmp	x9, x8
   80404: c3 ff ff 54                  	b.lo	#-0x8 <rinit+0x20>
   80408: df ff ff 97                  	bl	#-0x84 <unsafe_main>
   8040c: 20 00 20 d4                  	brk	#0x1

0000000000080410 rust_begin_unwind:
   80410: 5f 20 03 d5                  	wfe
   80414: ff ff ff 17                  	b	#-0x4 <rust_begin_unwind>

0000000000080418 main:
   80418: ff 83 02 d1                  	sub	sp, sp, #0xa0
   8041c: 02 12 80 52                  	mov	w2, #0x90
   80420: e0 03 00 91                  	mov	x0, sp
   80424: e1 03 1f 2a                  	mov	w1, wzr
   80428: fe 4b 00 f9                  	str	x30, [sp, #0x90]
   8042c: 2d 00 00 94                  	bl	#0xb4 <memset>
   80430: e0 03 00 91                  	mov	x0, sp
   80434: 0f ff ff 97                  	bl	#-0x3c4 <aarch64issue::uart::Uart::init::h097c9f9a183ae4c5>
   80438: e0 00 00 35                  	cbnz	w0, #0x1c <main+0x3c>
   8043c: 00 00 00 90                  	adrp	x0, #0x0
   80440: c1 01 80 52                  	mov	w1, #0xe
   80444: 00 68 15 91                  	add	x0, x0, #0x55a
   80448: 60 ff ff 97                  	bl	#-0x280 <aarch64issue::uart::Uart::puts::h2dcd9fe784c7c923>
   8044c: 5f 20 03 d5                  	wfe
   80450: ff ff ff 17                  	b	#-0x4 <main+0x34>
   80454: 00 00 00 90                  	adrp	x0, #0x0
   80458: 02 00 00 b0                  	adrp	x2, #0x1000
   8045c: 00 c0 14 91                  	add	x0, x0, #0x530
   80460: 42 60 00 91                  	add	x2, x2, #0x18
   80464: c1 01 80 52                  	mov	w1, #0xe
   80468: 05 00 00 94                  	bl	#0x14 <core::panicking::panic::h226056bb12c4af19>
   8046c: 20 00 20 d4                  	brk	#0x1

0000000000080470 <u32 as tock_registers::registers::IntLike>::zero::hbde47df933ddc83d:
   80470: e0 03 1f 2a                  	mov	w0, wzr
   80474: c0 03 5f d6                  	ret

0000000000080478 core::ptr::real_drop_in_place::h1ba85f1728922f9d:
   80478: c0 03 5f d6                  	ret

000000000008047c core::panicking::panic::h226056bb12c4af19:
   8047c: ff 03 01 d1                  	sub	sp, sp, #0x40
   80480: 28 00 80 52                  	mov	w8, #0x1
   80484: e9 c3 00 91                  	add	x9, sp, #0x30
   80488: e0 07 03 a9                  	stp	x0, x1, [sp, #0x30]
   8048c: e0 03 00 91                  	mov	x0, sp
   80490: e1 03 02 aa                  	mov	x1, x2
   80494: ff 7f 01 a9                  	stp	xzr, xzr, [sp, #0x10]
   80498: e9 23 00 a9                  	stp	x9, x8, [sp]
   8049c: 08 01 80 52                  	mov	w8, #0x8
   804a0: e8 7f 02 a9                  	stp	x8, xzr, [sp, #0x20]
   804a4: 02 00 00 94                  	bl	#0x8 <core::panicking::panic_fmt::h817827845189cb60>
   804a8: 20 00 20 d4                  	brk	#0x1

00000000000804ac core::panicking::panic_fmt::h817827845189cb60:
   804ac: 09 00 00 b0                  	adrp	x9, #0x1000
   804b0: 28 00 80 52                  	mov	w8, #0x1
   804b4: 29 c1 00 91                  	add	x9, x9, #0x30
   804b8: e8 27 be a9                  	stp	x8, x9, [sp, #-0x20]!
   804bc: e0 07 01 a9                  	stp	x0, x1, [sp, #0x10]
   804c0: e0 03 00 91                  	mov	x0, sp
   804c4: d3 ff ff 97                  	bl	#-0xb4 <rust_begin_unwind>
   804c8: 20 00 20 d4                  	brk	#0x1

00000000000804cc <T as core::any::Any>::type_id::h69475e5135772de1:
   804cc: a0 93 94 d2                  	mov	x0, #0xa49d
   804d0: 20 3b b7 f2                  	movk	x0, #0xb9d9, lsl #16
   804d4: 00 68 c1 f2                  	movk	x0, #0xb40, lsl #32
   804d8: 60 d3 ff f2                  	movk	x0, #0xfe9b, lsl #48
   804dc: c0 03 5f d6                  	ret

00000000000804e0 memset:
   804e0: 62 02 00 b4                  	cbz	x2, #0x4c <memset+0x4c>
   804e4: 5f 04 00 f1                  	cmp	x2, #0x1
   804e8: 61 00 00 54                  	b.ne	#0xc <memset+0x14>
   804ec: e8 03 1f aa                  	mov	x8, xzr
   804f0: 0a 00 00 14                  	b	#0x28 <memset+0x38>
   804f4: 48 f8 7f 92                  	and	x8, x2, #0xfffffffffffffffe
   804f8: 09 04 00 91                  	add	x9, x0, #0x1
   804fc: ea 03 08 aa                  	mov	x10, x8
   80500: 4a 09 00 f1                  	subs	x10, x10, #0x2
   80504: 21 f1 1f 38                  	sturb	w1, [x9, #-0x1]
   80508: 21 25 00 38                  	strb	w1, [x9], #0x2
   8050c: a1 ff ff 54                  	b.ne	#-0xc <memset+0x20>
   80510: 1f 01 02 eb                  	cmp	x8, x2
   80514: c0 00 00 54                  	b.eq	#0x18 <memset+0x4c>
   80518: 49 00 08 cb                  	sub	x9, x2, x8
   8051c: 08 00 08 8b                  	add	x8, x0, x8
   80520: 29 05 00 f1                  	subs	x9, x9, #0x1
   80524: 01 15 00 38                  	strb	w1, [x8], #0x1
   80528: c1 ff ff 54                  	b.ne	#-0x8 <memset+0x40>
   8052c: c0 03 5f d6                  	ret
